
> chatbot@0.1.0 build
> next build

▲ Next.js 16.1.6 (Turbopack)
- Environments: .env.local

  Creating an optimized production build ...

> Build error occurred
Error: Turbopack build failed with 1 errors:
./src/lib/utils/extraction.ts:2:1
Export default doesn't exist in target module
[0m [90m 1 |[39m [90m// @ts-ignore[39m
[31m[1m>[22m[39m[90m 2 |[39m [36mimport[39m pdfParse [36mfrom[39m [32m'pdf-parse'[39m[33m;[39m
 [90m   |[39m [31m[1m^[22m[39m[31m[1m^[22m[39m[31m[1m^[22m[39m[31m[1m^[22m[39m[31m[1m^[22m[39m[31m[1m^[22m[39m[31m[1m^[22m[39m[31m[1m^[22m[39m[31m[1m^[22m[39m[31m[1m^[22m[39m[31m[1m^[22m[39m[31m[1m^[22m[39m[31m[1m^[22m[39m[31m[1m^[22m[39m[31m[1m^[22m[39m[31m[1m^[22m[39m[31m[1m^[22m[39m[31m[1m^[22m[39m[31m[1m^[22m[39m[31m[1m^[22m[39m[31m[1m^[22m[39m[31m[1m^[22m[39m[31m[1m^[22m[39m[31m[1m^[22m[39m[31m[1m^[22m[39m[31m[1m^[22m[39m[31m[1m^[22m[39m[31m[1m^[22m[39m[31m[1m^[22m[39m[31m[1m^[22m[39m[31m[1m^[22m[39m[31m[1m^[22m[39m[31m[1m^[22m[39m
 [90m 3 |[39m [36mimport[39m officeParser [36mfrom[39m [32m'officeparser'[39m[33m;[39m
 [90m 4 |[39m [36mimport[39m { [33mReadable[39m } [36mfrom[39m [32m'stream'[39m[33m;[39m
 [90m 5 |[39m [36mimport[39m csvParser [36mfrom[39m [32m'csv-parser'[39m[33m;[39m[0m

The export default was not found in module [project]/node_modules/pdf-parse/dist/pdf-parse/esm/index.js [app-route] (ecmascript).
Did you mean to import Rectangle?
All exports of the module are statically known (It doesn't have dynamic exports). So it's known statically that the requested export doesn't exist.

Import trace:
  App Route:
    ./src/lib/utils/extraction.ts
    ./src/app/api/upload/route.ts


    at <unknown> (./src/lib/utils/extraction.ts:2:1)
